<?xml version="1.0" encoding="UTF-8"?>
<testng-results skipped="0" failed="0" ignored="0" total="2" passed="2">
  <reporter-output>
  </reporter-output>
  <suite name="EagerCrow" duration-ms="57388" started-at="2018-12-31T05:30:25Z" finished-at="2018-12-31T05:31:22Z">
    <groups>
    </groups>
    <test name="Test" duration-ms="57388" started-at="2018-12-31T05:30:25Z" finished-at="2018-12-31T05:31:22Z">
      <class name="com.xyz.TestCases.DepartmentTC_001">
        <test-method status="PASS" signature="clickOnDepartmentMethod()[pri:0, instance:com.xyz.TestCases.DepartmentTC_001@42e26948]" name="clickOnDepartmentMethod" duration-ms="34158" started-at="2018-12-31T05:30:48Z" finished-at="2018-12-31T05:31:22Z">
          <reporter-output>
          </reporter-output>
        </test-method> <!-- clickOnDepartmentMethod -->
      </class> <!-- com.xyz.TestCases.DepartmentTC_001 -->
      <class name="com.xyz.TestCases.BaseClass">
        <test-method status="PASS" signature="setup()[pri:0, instance:com.xyz.TestCases.BaseClass@39c0f4a]" name="setup" is-config="true" duration-ms="16360" started-at="2018-12-31T05:30:25Z" finished-at="2018-12-31T05:30:42Z">
          <reporter-output>
          </reporter-output>
        </test-method> <!-- setup -->
      </class> <!-- com.xyz.TestCases.BaseClass -->
      <class name="com.xyz.TestCases.HomePageTC_001">
        <test-method status="PASS" signature="open_home()[pri:0, instance:com.xyz.TestCases.HomePageTC_001@1794d431]" name="open_home" duration-ms="5872" started-at="2018-12-31T05:30:42Z" finished-at="2018-12-31T05:30:48Z">
          <reporter-output>
          </reporter-output>
        </test-method> <!-- open_home -->
      </class> <!-- com.xyz.TestCases.HomePageTC_001 -->
    </test> <!-- Test -->
  </suite> <!-- EagerCrow -->
</testng-results>
